2024-04-05T02:10:58Z [SpawnerBubaku] Created trigger NWAF at 4807.824 340.0161 9883.484 ori: 0 0 0
2024-04-05T02:16:06Z [SpawnerBubaku] Created trigger NWAF at 4807.824 340.0161 9883.484 ori: 0 0 0
2024-04-05T02:58:53Z [SpawnerBubaku] Created trigger NWAF at 4807.824 340.0161 9883.484 ori: 0 0 0
2024-04-05T04:22:20Z [SpawnerBubaku] Created trigger NWAF at 4807.824 340.0161 9883.484 ori: 0 0 0
2024-04-05T04:26:04Z [SpawnerBubaku] Created trigger NWAF at 4807.824 340.0161 9883.484 ori: 0 0 0
2024-04-05T04:33:54Z [SpawnerBubaku] Created trigger NWAF at 4807.824 340.0161 9883.484 ori: 0 0 0
2024-04-05T04:36:32Z [SpawnerBubaku] Created trigger NWAF at 4807.824 340.0161 9883.484 ori: 0 0 0
2024-04-05T04:40:12Z [SpawnerBubaku] Created trigger NWAF at 4807.824 340.0161 9883.484 ori: 0 0 0
2024-04-05T04:44:31Z [SpawnerBubaku] Created trigger NWAF at 4807.824 340.0161 9883.484 ori: 0 0 0
2024-04-05T04:49:06Z [SpawnerBubaku] Created trigger NWAF at 4807.824 340.0161 9883.484 ori: 0 0 0
2024-04-05T05:00:24Z [SpawnerBubaku] Created trigger NWAF at 4807.824 340.0161 9883.484 ori: 0 0 0
2024-04-05T05:07:35Z [SpawnerBubaku] Created trigger NWAF at 4807.824 340.0161 9883.484 ori: 0 0 0
2024-04-05T05:13:12Z [SpawnerBubaku] Created trigger NWAF at 4807.824 340.0161 9883.484 ori: 0 0 0
2024-04-05T06:06:36Z [SpawnerBubaku] Created trigger NWAF at 4807.824 340.0161 9883.484 ori: 0 0 0
2024-04-05T06:29:58Z [SpawnerBubaku] Created trigger NWAF at 4807.824 340.0161 9883.484 ori: 0 0 0
2024-04-05T21:27:29Z [SpawnerBubaku] Created trigger NWAF at 4807.824 340.0161 9883.484 ori: 0 0 0
2024-04-05T21:32:18Z [SpawnerBubaku] Created trigger NWAF at 4807.824 340.0161 9883.484 ori: 0 0 0
2024-04-05T22:12:04Z [SpawnerBubaku] Created trigger NWAF at 4807.824 340.0161 9883.484 ori: 0 0 0
2024-04-05T23:45:01Z [SpawnerBubaku] Created trigger NWAF at 4807.824 340.0161 9883.484 ori: 0 0 0
2024-04-05T23:45:01Z [SpawnerBubaku] Created trigger Tisy Zone One at 1318.457 454.8217 14490.14 ori: 0 0 0
2024-04-05T23:45:01Z [SpawnerBubaku] Created trigger Tisy Zone Two at 1244.162 456.823 14518.12 ori: 0 0 0
2024-04-05T23:45:01Z [SpawnerBubaku] Created trigger Tisy Zone Three at 1208.676 457.1048 14541.18 ori: 0 0 0
2024-04-05T23:45:01Z [SpawnerBubaku] Created trigger AJ Spawn at 12928.86 8.483543 3280.041 ori: 0 0 0
2024-04-05T23:45:01Z [SpawnerBubaku] Created trigger Bear Spawn Zone One at 13016.93 13.08756 3237.513 ori: 0 0 0
2024-04-05T23:45:01Z [SpawnerBubaku] Created trigger Bear Spawn Zone Two at 13545.82 28.94513 3039.323 ori: 0 0 0
2024-04-06T00:22:45Z [SpawnerBubaku] Created trigger NWAF at 4807.824 340.0161 9883.484 ori: 0 0 0
2024-04-06T00:22:45Z [SpawnerBubaku] Created trigger Tisy Zone One at 1318.457 454.8217 14490.14 ori: 0 0 0
2024-04-06T00:22:45Z [SpawnerBubaku] Created trigger Tisy Zone Two at 1244.162 456.823 14518.12 ori: 0 0 0
2024-04-06T00:22:45Z [SpawnerBubaku] Created trigger Tisy Zone Three at 1208.676 457.1048 14541.18 ori: 0 0 0
2024-04-06T00:22:45Z [SpawnerBubaku] Created trigger AJ Spawn at 12925.2 8.50041 3284.66 ori: 0 0 0
2024-04-06T00:22:45Z [SpawnerBubaku] Created trigger Bear Spawn Zone One at 13016.93 13.08756 3237.513 ori: 0 0 0
2024-04-06T00:22:45Z [SpawnerBubaku] Created trigger Bear Spawn Zone Two at 13545.82 28.94513 3039.323 ori: 0 0 0
2024-04-06T04:16:37Z [SpawnerBubaku] Created trigger NWAF at 4807.824 340.0161 9883.484 ori: 0 0 0
2024-04-06T04:16:37Z [SpawnerBubaku] Created trigger Tisy Zone One at 1318.457 454.8217 14490.14 ori: 0 0 0
2024-04-06T04:16:37Z [SpawnerBubaku] Created trigger Tisy Zone Two at 1244.162 456.823 14518.12 ori: 0 0 0
2024-04-06T04:16:37Z [SpawnerBubaku] Created trigger Tisy Zone Three at 1208.676 457.1048 14541.18 ori: 0 0 0
2024-04-06T04:16:37Z [SpawnerBubaku] Created trigger AJ Spawn at 12925.2 8.50041 3284.66 ori: 0 0 0
2024-04-06T04:16:37Z [SpawnerBubaku] Created trigger Bear Spawn Zone One at 13016.93 13.08756 3237.513 ori: 0 0 0
2024-04-06T04:16:37Z [SpawnerBubaku] Created trigger Bear Spawn Zone Two at 13545.82 28.94513 3039.323 ori: 0 0 0
2024-04-06T04:18:45Z [SpawnerBubaku] MaccaNZ triggered AJ Spawn
2024-04-06T04:22:01Z [SpawnerBubaku] Created trigger NWAF at 4807.824 340.0161 9883.484 ori: 0 0 0
2024-04-06T04:22:01Z [SpawnerBubaku] Created trigger Tisy Zone One at 1318.457 454.8217 14490.14 ori: 0 0 0
2024-04-06T04:22:01Z [SpawnerBubaku] Created trigger Tisy Zone Two at 1244.162 456.823 14518.12 ori: 0 0 0
2024-04-06T04:22:01Z [SpawnerBubaku] Created trigger Tisy Zone Three at 1208.676 457.1048 14541.18 ori: 0 0 0
2024-04-06T04:22:01Z [SpawnerBubaku] Created trigger AJ Spawn at 12925.2 8.50041 3284.66 ori: 0 0 0
2024-04-06T04:22:01Z [SpawnerBubaku] Created trigger Bear Spawn Zone One at 13016.93 13.08756 3237.513 ori: 0 0 0
2024-04-06T04:22:01Z [SpawnerBubaku] Created trigger Bear Spawn Zone Two at 13545.82 28.94513 3039.323 ori: 0 0 0
2024-04-06T04:26:05Z [SpawnerBubaku] MaccaNZ triggered AJ Spawn
2024-04-06T04:31:07Z [SpawnerBubaku] Created trigger NWAF at 4807.824 340.0161 9883.484 ori: 0 0 0
2024-04-06T04:31:07Z [SpawnerBubaku] Created trigger Tisy Zone One at 1318.457 454.8217 14490.14 ori: 0 0 0
2024-04-06T04:31:07Z [SpawnerBubaku] Created trigger Tisy Zone Two at 1244.162 456.823 14518.12 ori: 0 0 0
2024-04-06T04:31:07Z [SpawnerBubaku] Created trigger Tisy Zone Three at 1208.676 457.1048 14541.18 ori: 0 0 0
2024-04-06T04:31:07Z [SpawnerBubaku] Created trigger AJ Spawn at 12829.5 8.50034 3416.28 ori: 0 0 0
2024-04-06T04:31:07Z [SpawnerBubaku] Created trigger Bear Spawn Zone One at 13015.2 5.5179 3160.35 ori: 0 0 0
2024-04-06T04:31:07Z [SpawnerBubaku] Created trigger Bear Spawn Zone Two at 13545.82 28.94513 3039.323 ori: 0 0 0
2024-04-06T05:13:20Z [SpawnerBubaku] Created trigger NWAF at 4807.824 340.0161 9883.484 ori: 0 0 0
2024-04-06T05:13:20Z [SpawnerBubaku] Created trigger Tisy Zone One at 1318.457 454.8217 14490.14 ori: 0 0 0
2024-04-06T05:13:20Z [SpawnerBubaku] Created trigger Tisy Zone Two at 1244.162 456.823 14518.12 ori: 0 0 0
2024-04-06T05:13:20Z [SpawnerBubaku] Created trigger Tisy Zone Three at 1208.676 457.1048 14541.18 ori: 0 0 0
2024-04-06T05:13:20Z [SpawnerBubaku] Created trigger AJ Spawn at 12829.5 8.50034 3416.28 ori: 0 0 0
2024-04-06T05:13:20Z [SpawnerBubaku] Created trigger Bear Spawn Zone One at 13015.2 5.5179 3160.35 ori: 0 0 0
2024-04-06T05:13:20Z [SpawnerBubaku] Created trigger Bear Spawn Zone Two at 13545.82 28.94513 3039.323 ori: 0 0 0
2024-04-06T06:03:00Z [SpawnerBubaku] MaccaNZ triggered Bear Spawn Zone One
2024-04-06T06:46:33Z [SpawnerBubaku] Created trigger NWAF at 4807.824 340.0161 9883.484 ori: 0 0 0
2024-04-06T06:46:33Z [SpawnerBubaku] Created trigger Tisy Zone One at 1318.457 454.8217 14490.14 ori: 0 0 0
2024-04-06T06:46:33Z [SpawnerBubaku] Created trigger Tisy Zone Two at 1244.162 456.823 14518.12 ori: 0 0 0
2024-04-06T06:46:33Z [SpawnerBubaku] Created trigger Tisy Zone Three at 1208.676 457.1048 14541.18 ori: 0 0 0
2024-04-06T06:46:33Z [SpawnerBubaku] Created trigger AJ Spawn at 12829.5 8.50034 3416.28 ori: 0 0 0
2024-04-06T06:46:33Z [SpawnerBubaku] Created trigger Bear Spawn Zone One at 13015.2 5.5179 3160.35 ori: 0 0 0
2024-04-06T06:46:33Z [SpawnerBubaku] Created trigger Bear Spawn Zone Two at 13545.82 28.94513 3039.323 ori: 0 0 0
2024-04-06T07:48:19Z [SpawnerBubaku] Created trigger NWAF at 4807.824 340.0161 9883.484 ori: 0 0 0
2024-04-06T07:48:19Z [SpawnerBubaku] Created trigger Tisy Zone One at 1318.457 454.8217 14490.14 ori: 0 0 0
2024-04-06T07:48:19Z [SpawnerBubaku] Created trigger Tisy Zone Two at 1244.162 456.823 14518.12 ori: 0 0 0
2024-04-06T07:48:19Z [SpawnerBubaku] Created trigger Tisy Zone Three at 1208.676 457.1048 14541.18 ori: 0 0 0
2024-04-06T07:48:20Z [SpawnerBubaku] Created trigger AJ Spawn at 12829.5 8.50034 3416.28 ori: 0 0 0
2024-04-06T07:48:20Z [SpawnerBubaku] Created trigger Bear Spawn Zone One at 13015.2 5.5179 3160.35 ori: 0 0 0
2024-04-06T07:48:20Z [SpawnerBubaku] Created trigger Bear Spawn Zone Two at 13545.82 28.94513 3039.323 ori: 0 0 0
2024-04-06T08:14:03Z [SpawnerBubaku] Created trigger NWAF at 4807.824 340.0161 9883.484 ori: 0 0 0
2024-04-06T08:14:03Z [SpawnerBubaku] Created trigger Tisy Zone One at 1318.457 454.8217 14490.14 ori: 0 0 0
2024-04-06T08:14:03Z [SpawnerBubaku] Created trigger Tisy Zone Two at 1244.162 456.823 14518.12 ori: 0 0 0
2024-04-06T08:14:03Z [SpawnerBubaku] Created trigger Tisy Zone Three at 1208.676 457.1048 14541.18 ori: 0 0 0
2024-04-06T08:14:03Z [SpawnerBubaku] Created trigger AJ Spawn at 12829.5 8.50034 3416.28 ori: 0 0 0
2024-04-06T08:14:03Z [SpawnerBubaku] Created trigger Bear Spawn Zone One at 13015.2 5.5179 3160.35 ori: 0 0 0
2024-04-06T08:14:03Z [SpawnerBubaku] Created trigger Bear Spawn Zone Two at 13545.82 28.94513 3039.323 ori: 0 0 0
2024-04-06T23:22:48Z [SpawnerBubaku] Created trigger NWAF at 4807.824 340.0161 9883.484 ori: 0 0 0
2024-04-06T23:22:48Z [SpawnerBubaku] Created trigger Tisy Zone One at 1318.457 454.8217 14490.14 ori: 0 0 0
2024-04-06T23:22:48Z [SpawnerBubaku] Created trigger Tisy Zone Two at 1244.162 456.823 14518.12 ori: 0 0 0
2024-04-06T23:22:48Z [SpawnerBubaku] Created trigger Tisy Zone Three at 1208.676 457.1048 14541.18 ori: 0 0 0
2024-04-06T23:22:48Z [SpawnerBubaku] Created trigger AJ Spawn at 12829.5 8.50034 3416.28 ori: 0 0 0
2024-04-06T23:22:48Z [SpawnerBubaku] Created trigger Bear Spawn Zone One at 13015.2 5.5179 3160.35 ori: 0 0 0
2024-04-06T23:22:48Z [SpawnerBubaku] Created trigger Bear Spawn Zone Two at 13545.82 28.94513 3039.323 ori: 0 0 0
2024-04-07T00:01:22Z [SpawnerBubaku] Created trigger NWAF at 4807.824 340.0161 9883.484 ori: 0 0 0
2024-04-07T00:01:22Z [SpawnerBubaku] Created trigger Tisy Zone One at 1318.457 454.8217 14490.14 ori: 0 0 0
2024-04-07T00:01:22Z [SpawnerBubaku] Created trigger Tisy Zone Two at 1244.162 456.823 14518.12 ori: 0 0 0
2024-04-07T00:01:22Z [SpawnerBubaku] Created trigger Tisy Zone Three at 1208.676 457.1048 14541.18 ori: 0 0 0
2024-04-07T00:01:22Z [SpawnerBubaku] Created trigger AJ Spawn at 12829.5 8.50034 3416.28 ori: 0 0 0
2024-04-07T00:01:22Z [SpawnerBubaku] Created trigger Bear Spawn Zone One at 13015.2 5.5179 3160.35 ori: 0 0 0
2024-04-07T00:01:22Z [SpawnerBubaku] Created trigger Bear Spawn Zone Two at 13545.82 28.94513 3039.323 ori: 0 0 0
2024-04-07T00:10:05Z [SpawnerBubaku] Created trigger NWAF at 4807.824 340.0161 9883.484 ori: 0 0 0
2024-04-07T00:10:05Z [SpawnerBubaku] Created trigger Tisy Zone One at 1318.457 454.8217 14490.14 ori: 0 0 0
2024-04-07T00:10:05Z [SpawnerBubaku] Created trigger Tisy Zone Two at 1244.162 456.823 14518.12 ori: 0 0 0
2024-04-07T00:10:05Z [SpawnerBubaku] Created trigger Tisy Zone Three at 1208.676 457.1048 14541.18 ori: 0 0 0
2024-04-07T00:10:05Z [SpawnerBubaku] Created trigger AJ Spawn at 12829.5 8.50034 3416.28 ori: 0 0 0
2024-04-07T00:10:05Z [SpawnerBubaku] Created trigger Bear Spawn Zone One at 13015.2 5.5179 3160.35 ori: 0 0 0
2024-04-07T00:10:05Z [SpawnerBubaku] Created trigger Bear Spawn Zone Two at 13545.82 28.94513 3039.323 ori: 0 0 0
2024-04-07T00:26:41Z [SpawnerBubaku] Created trigger NWAF at 4807.824 340.0161 9883.484 ori: 0 0 0
2024-04-07T00:26:41Z [SpawnerBubaku] Created trigger Tisy Zone One at 1318.457 454.8217 14490.14 ori: 0 0 0
2024-04-07T00:26:41Z [SpawnerBubaku] Created trigger Tisy Zone Two at 1244.162 456.823 14518.12 ori: 0 0 0
2024-04-07T00:26:41Z [SpawnerBubaku] Created trigger Tisy Zone Three at 1208.676 457.1048 14541.18 ori: 0 0 0
2024-04-07T00:26:41Z [SpawnerBubaku] Created trigger AJ Spawn at 12829.5 8.50034 3416.28 ori: 0 0 0
2024-04-07T00:26:41Z [SpawnerBubaku] Created trigger Bear Spawn Zone One at 13015.2 5.5179 3160.35 ori: 0 0 0
2024-04-07T00:26:41Z [SpawnerBubaku] Created trigger Bear Spawn Zone Two at 13545.82 28.94513 3039.323 ori: 0 0 0
2024-04-07T06:15:39Z [SpawnerBubaku] Created trigger NWAF at 4807.824 340.0161 9883.484 ori: 0 0 0
2024-04-07T06:15:39Z [SpawnerBubaku] Created trigger Tisy Zone One at 1318.457 454.8217 14490.14 ori: 0 0 0
2024-04-07T06:15:39Z [SpawnerBubaku] Created trigger Tisy Zone Two at 1244.162 456.823 14518.12 ori: 0 0 0
2024-04-07T06:15:39Z [SpawnerBubaku] Created trigger Tisy Zone Three at 1208.676 457.1048 14541.18 ori: 0 0 0
2024-04-07T06:15:39Z [SpawnerBubaku] Created trigger AJ Spawn at 12829.5 8.50034 3416.28 ori: 0 0 0
2024-04-07T06:15:39Z [SpawnerBubaku] Created trigger Bear Spawn Zone One at 13015.2 5.5179 3160.35 ori: 0 0 0
2024-04-07T06:15:39Z [SpawnerBubaku] Created trigger Bear Spawn Zone Two at 13545.82 28.94513 3039.323 ori: 0 0 0
2024-04-07T06:19:55Z [SpawnerBubaku] Created trigger NWAF at 4807.824 340.0161 9883.484 ori: 0 0 0
2024-04-07T06:19:55Z [SpawnerBubaku] Created trigger Tisy Zone One at 1318.457 454.8217 14490.14 ori: 0 0 0
2024-04-07T06:19:55Z [SpawnerBubaku] Created trigger Tisy Zone Two at 1244.162 456.823 14518.12 ori: 0 0 0
2024-04-07T06:19:55Z [SpawnerBubaku] Created trigger Tisy Zone Three at 1208.676 457.1048 14541.18 ori: 0 0 0
2024-04-07T06:19:55Z [SpawnerBubaku] Created trigger AJ Spawn at 12829.5 8.50034 3416.28 ori: 0 0 0
2024-04-07T06:19:55Z [SpawnerBubaku] Created trigger Bear Spawn Zone One at 13015.2 5.5179 3160.35 ori: 0 0 0
2024-04-07T06:19:55Z [SpawnerBubaku] Created trigger Bear Spawn Zone Two at 13545.82 28.94513 3039.323 ori: 0 0 0
2024-04-07T08:24:20Z [SpawnerBubaku] Created trigger NWAF at 4807.824 340.0161 9883.484 ori: 0 0 0
2024-04-07T08:24:20Z [SpawnerBubaku] Created trigger Tisy Zone One at 1318.457 454.8217 14490.14 ori: 0 0 0
2024-04-07T08:24:20Z [SpawnerBubaku] Created trigger Tisy Zone Two at 1244.162 456.823 14518.12 ori: 0 0 0
2024-04-07T08:24:20Z [SpawnerBubaku] Created trigger Tisy Zone Three at 1208.676 457.1048 14541.18 ori: 0 0 0
2024-04-07T08:24:20Z [SpawnerBubaku] Created trigger AJ Spawn at 12829.5 8.50034 3416.28 ori: 0 0 0
2024-04-07T08:24:20Z [SpawnerBubaku] Created trigger Bear Spawn Zone One at 13015.2 5.5179 3160.35 ori: 0 0 0
2024-04-07T08:24:20Z [SpawnerBubaku] Created trigger Bear Spawn Zone Two at 13545.82 28.94513 3039.323 ori: 0 0 0
2024-04-07T08:40:22Z [SpawnerBubaku] Created trigger NWAF at 4807.824 340.0161 9883.484 ori: 0 0 0
2024-04-07T08:40:22Z [SpawnerBubaku] Created trigger Tisy Zone One at 1318.457 454.8217 14490.14 ori: 0 0 0
2024-04-07T08:40:22Z [SpawnerBubaku] Created trigger Tisy Zone Two at 1244.162 456.823 14518.12 ori: 0 0 0
2024-04-07T08:40:22Z [SpawnerBubaku] Created trigger Tisy Zone Three at 1208.676 457.1048 14541.18 ori: 0 0 0
2024-04-07T08:40:22Z [SpawnerBubaku] Created trigger AJ Spawn at 12829.5 8.50034 3416.28 ori: 0 0 0
2024-04-07T08:40:22Z [SpawnerBubaku] Created trigger Bear Spawn Zone One at 13015.2 5.5179 3160.35 ori: 0 0 0
2024-04-07T08:40:22Z [SpawnerBubaku] Created trigger Bear Spawn Zone Two at 13545.82 28.94513 3039.323 ori: 0 0 0
2024-04-08T02:02:19Z [SpawnerBubaku] Created trigger NWAF at 4807.824 340.0161 9883.484 ori: 0 0 0
2024-04-08T02:02:19Z [SpawnerBubaku] Created trigger Tisy Zone One at 1318.457 454.8217 14490.14 ori: 0 0 0
2024-04-08T02:02:19Z [SpawnerBubaku] Created trigger Tisy Zone Two at 1244.162 456.823 14518.12 ori: 0 0 0
2024-04-08T02:02:19Z [SpawnerBubaku] Created trigger Tisy Zone Three at 1208.676 457.1048 14541.18 ori: 0 0 0
2024-04-08T02:02:19Z [SpawnerBubaku] Created trigger AJ Spawn at 12829.5 8.50034 3416.28 ori: 0 0 0
2024-04-08T02:02:19Z [SpawnerBubaku] Created trigger Bear Spawn Zone One at 13015.2 5.5179 3160.35 ori: 0 0 0
2024-04-08T02:02:19Z [SpawnerBubaku] Created trigger Bear Spawn Zone Two at 13545.82 28.94513 3039.323 ori: 0 0 0
2024-04-08T02:13:31Z [SpawnerBubaku] Created trigger NWAF at 4807.824 340.0161 9883.484 ori: 0 0 0
2024-04-08T02:13:31Z [SpawnerBubaku] Created trigger Tisy Zone One at 1318.457 454.8217 14490.14 ori: 0 0 0
2024-04-08T02:13:31Z [SpawnerBubaku] Created trigger Tisy Zone Two at 1244.162 456.823 14518.12 ori: 0 0 0
2024-04-08T02:13:31Z [SpawnerBubaku] Created trigger Tisy Zone Three at 1208.676 457.1048 14541.18 ori: 0 0 0
2024-04-08T02:13:31Z [SpawnerBubaku] Created trigger AJ Spawn at 12829.5 8.50034 3416.28 ori: 0 0 0
2024-04-08T02:13:31Z [SpawnerBubaku] Created trigger Bear Spawn Zone One at 13015.2 5.5179 3160.35 ori: 0 0 0
2024-04-08T02:13:31Z [SpawnerBubaku] Created trigger Bear Spawn Zone Two at 13545.82 28.94513 3039.323 ori: 0 0 0
2024-04-08T05:01:00Z [SpawnerBubaku] Created trigger NWAF at 4807.824 340.0161 9883.484 ori: 0 0 0
2024-04-08T05:01:00Z [SpawnerBubaku] Created trigger Tisy Zone One at 1318.457 454.8217 14490.14 ori: 0 0 0
2024-04-08T05:01:00Z [SpawnerBubaku] Created trigger Tisy Zone Two at 1244.162 456.823 14518.12 ori: 0 0 0
2024-04-08T05:01:00Z [SpawnerBubaku] Created trigger Tisy Zone Three at 1208.676 457.1048 14541.18 ori: 0 0 0
2024-04-08T05:01:00Z [SpawnerBubaku] Created trigger AJ Spawn at 12829.5 8.50034 3416.28 ori: 0 0 0
2024-04-08T05:01:00Z [SpawnerBubaku] Created trigger Bear Spawn Zone One at 13015.2 5.5179 3160.35 ori: 0 0 0
2024-04-08T05:01:00Z [SpawnerBubaku] Created trigger Bear Spawn Zone Two at 13545.82 28.94513 3039.323 ori: 0 0 0
2024-04-08T05:15:28Z [SpawnerBubaku] Created trigger NWAF at 4807.824 340.0161 9883.484 ori: 0 0 0
2024-04-08T05:15:28Z [SpawnerBubaku] Created trigger Tisy Zone One at 1318.457 454.8217 14490.14 ori: 0 0 0
2024-04-08T05:15:28Z [SpawnerBubaku] Created trigger Tisy Zone Two at 1244.162 456.823 14518.12 ori: 0 0 0
2024-04-08T05:15:28Z [SpawnerBubaku] Created trigger Tisy Zone Three at 1208.676 457.1048 14541.18 ori: 0 0 0
2024-04-08T05:15:28Z [SpawnerBubaku] Created trigger AJ Spawn at 12829.5 8.50034 3416.28 ori: 0 0 0
2024-04-08T05:15:28Z [SpawnerBubaku] Created trigger Bear Spawn Zone One at 13015.2 5.5179 3160.35 ori: 0 0 0
2024-04-08T05:15:28Z [SpawnerBubaku] Created trigger Bear Spawn Zone Two at 13545.82 28.94513 3039.323 ori: 0 0 0
2024-04-08T05:23:40Z [SpawnerBubaku] Created trigger NWAF at 4807.824 340.0161 9883.484 ori: 0 0 0
2024-04-08T05:23:40Z [SpawnerBubaku] Created trigger Tisy Zone One at 1318.457 454.8217 14490.14 ori: 0 0 0
2024-04-08T05:23:40Z [SpawnerBubaku] Created trigger Tisy Zone Two at 1244.162 456.823 14518.12 ori: 0 0 0
2024-04-08T05:23:40Z [SpawnerBubaku] Created trigger Tisy Zone Three at 1208.676 457.1048 14541.18 ori: 0 0 0
2024-04-08T05:23:40Z [SpawnerBubaku] Created trigger AJ Spawn at 12829.5 8.50034 3416.28 ori: 0 0 0
2024-04-08T05:23:40Z [SpawnerBubaku] Created trigger Bear Spawn Zone One at 13015.2 5.5179 3160.35 ori: 0 0 0
2024-04-08T05:23:40Z [SpawnerBubaku] Created trigger Bear Spawn Zone Two at 13545.82 28.94513 3039.323 ori: 0 0 0
2024-04-08T05:25:27Z [SpawnerBubaku] Created trigger NWAF at 4807.824 340.0161 9883.484 ori: 0 0 0
2024-04-08T05:25:27Z [SpawnerBubaku] Created trigger Tisy Zone One at 1318.457 454.8217 14490.14 ori: 0 0 0
2024-04-08T05:25:27Z [SpawnerBubaku] Created trigger Tisy Zone Two at 1244.162 456.823 14518.12 ori: 0 0 0
2024-04-08T05:25:27Z [SpawnerBubaku] Created trigger Tisy Zone Three at 1208.676 457.1048 14541.18 ori: 0 0 0
2024-04-08T05:25:27Z [SpawnerBubaku] Created trigger AJ Spawn at 12829.5 8.50034 3416.28 ori: 0 0 0
2024-04-08T05:25:27Z [SpawnerBubaku] Created trigger Bear Spawn Zone One at 13015.2 5.5179 3160.35 ori: 0 0 0
2024-04-08T05:25:27Z [SpawnerBubaku] Created trigger Bear Spawn Zone Two at 13545.82 28.94513 3039.323 ori: 0 0 0
2024-04-08T05:52:41Z [SpawnerBubaku] Created trigger NWAF at 4807.824 340.0161 9883.484 ori: 0 0 0
2024-04-08T05:52:41Z [SpawnerBubaku] Created trigger Tisy Zone One at 1318.457 454.8217 14490.14 ori: 0 0 0
2024-04-08T05:52:41Z [SpawnerBubaku] Created trigger Tisy Zone Two at 1244.162 456.823 14518.12 ori: 0 0 0
2024-04-08T05:52:41Z [SpawnerBubaku] Created trigger Tisy Zone Three at 1208.676 457.1048 14541.18 ori: 0 0 0
2024-04-08T05:52:41Z [SpawnerBubaku] Created trigger AJ Spawn at 12829.5 8.50034 3416.28 ori: 0 0 0
2024-04-08T05:52:41Z [SpawnerBubaku] Created trigger Bear Spawn Zone One at 13015.2 5.5179 3160.35 ori: 0 0 0
2024-04-08T05:52:41Z [SpawnerBubaku] Created trigger Bear Spawn Zone Two at 13545.82 28.94513 3039.323 ori: 0 0 0
2024-04-08T06:52:02Z [SpawnerBubaku] MaccaNZ triggered AJ Spawn
2024-04-08T06:56:58Z [SpawnerBubaku] Created trigger NWAF at 4807.824 340.0161 9883.484 ori: 0 0 0
2024-04-08T06:56:58Z [SpawnerBubaku] Created trigger Tisy Zone One at 1318.457 454.8217 14490.14 ori: 0 0 0
2024-04-08T06:56:58Z [SpawnerBubaku] Created trigger Tisy Zone Two at 1244.162 456.823 14518.12 ori: 0 0 0
2024-04-08T06:56:58Z [SpawnerBubaku] Created trigger Tisy Zone Three at 1208.676 457.1048 14541.18 ori: 0 0 0
2024-04-08T06:56:58Z [SpawnerBubaku] Created trigger AJ Spawn at 12829.5 8.50034 3416.28 ori: 0 0 0
2024-04-08T06:56:58Z [SpawnerBubaku] Created trigger Bear Spawn Zone One at 13185 32.2495 3236.04 ori: 0 0 0
2024-04-08T06:56:58Z [SpawnerBubaku] Created trigger Bear Spawn Zone Two at 13545.82 28.94513 3039.323 ori: 0 0 0
2024-04-08T07:15:38Z [SpawnerBubaku] Created trigger NWAF at 4807.824 340.0161 9883.484 ori: 0 0 0
2024-04-08T07:15:38Z [SpawnerBubaku] Created trigger Tisy Zone One at 1318.457 454.8217 14490.14 ori: 0 0 0
2024-04-08T07:15:38Z [SpawnerBubaku] Created trigger Tisy Zone Two at 1244.162 456.823 14518.12 ori: 0 0 0
2024-04-08T07:15:38Z [SpawnerBubaku] Created trigger Tisy Zone Three at 1208.676 457.1048 14541.18 ori: 0 0 0
2024-04-08T07:15:38Z [SpawnerBubaku] Created trigger AJ Spawn at 12829.5 8.50034 3416.28 ori: 0 0 0
2024-04-08T07:15:38Z [SpawnerBubaku] Created trigger Bear Spawn Zone One at 13015.2 5.5179 3160.35 ori: 0 0 0
2024-04-08T07:15:38Z [SpawnerBubaku] Created trigger Bear Spawn Zone Two at 13545.82 28.94513 3039.323 ori: 0 0 0
2024-04-08T07:33:38Z [SpawnerBubaku] Created trigger NWAF at 4807.824 340.0161 9883.484 ori: 0 0 0
2024-04-08T07:33:38Z [SpawnerBubaku] Created trigger Tisy Zone One at 1318.457 454.8217 14490.14 ori: 0 0 0
2024-04-08T07:33:38Z [SpawnerBubaku] Created trigger Tisy Zone Two at 1244.162 456.823 14518.12 ori: 0 0 0
2024-04-08T07:33:38Z [SpawnerBubaku] Created trigger Tisy Zone Three at 1208.676 457.1048 14541.18 ori: 0 0 0
2024-04-08T07:33:38Z [SpawnerBubaku] Created trigger AJ Spawn at 12829.5 8.50034 3416.28 ori: 0 0 0
2024-04-08T07:33:38Z [SpawnerBubaku] Created trigger Bear Spawn Zone One at 13015.2 5.5179 3160.35 ori: 0 0 0
2024-04-08T07:33:38Z [SpawnerBubaku] Created trigger Bear Spawn Zone Two at 13545.82 28.94513 3039.323 ori: 0 0 0
2024-04-08T07:36:36Z [SpawnerBubaku] MaccaNZ triggered AJ Spawn
2024-04-08T07:37:21Z [SpawnerBubaku] MaccaNZ triggered Bear Spawn Zone One
2024-04-08T19:31:36Z [SpawnerBubaku] Created trigger NWAF at 4807.824 340.0161 9883.484 ori: 0 0 0
2024-04-08T19:31:36Z [SpawnerBubaku] Created trigger Tisy Zone One at 1318.457 454.8217 14490.14 ori: 0 0 0
2024-04-08T19:31:36Z [SpawnerBubaku] Created trigger Tisy Zone Two at 1244.162 456.823 14518.12 ori: 0 0 0
2024-04-08T19:31:36Z [SpawnerBubaku] Created trigger Tisy Zone Three at 1208.676 457.1048 14541.18 ori: 0 0 0
2024-04-08T19:31:36Z [SpawnerBubaku] Created trigger AJ Spawn at 12829.5 8.50034 3416.28 ori: 0 0 0
2024-04-08T19:31:36Z [SpawnerBubaku] Created trigger Bear Spawn Zone One at 13015.2 5.5179 3160.35 ori: 0 0 0
2024-04-08T19:31:36Z [SpawnerBubaku] Created trigger Bear Spawn Zone Two at 13545.82 28.94513 3039.323 ori: 0 0 0
2024-04-08T19:37:56Z [SpawnerBubaku] Created trigger NWAF at 4807.824 340.0161 9883.484 ori: 0 0 0
2024-04-08T19:37:56Z [SpawnerBubaku] Created trigger Tisy Zone One at 1318.457 454.8217 14490.14 ori: 0 0 0
2024-04-08T19:37:56Z [SpawnerBubaku] Created trigger Tisy Zone Two at 1244.162 456.823 14518.12 ori: 0 0 0
2024-04-08T19:37:56Z [SpawnerBubaku] Created trigger Tisy Zone Three at 1208.676 457.1048 14541.18 ori: 0 0 0
2024-04-08T19:37:56Z [SpawnerBubaku] Created trigger AJ Spawn at 12829.5 8.50034 3416.28 ori: 0 0 0
2024-04-08T19:37:56Z [SpawnerBubaku] Created trigger Bear Spawn Zone One at 13015.2 5.5179 3160.35 ori: 0 0 0
2024-04-08T19:37:56Z [SpawnerBubaku] Created trigger Bear Spawn Zone Two at 13545.82 28.94513 3039.323 ori: 0 0 0
2024-04-09T01:10:16Z [SpawnerBubaku] Created trigger NWAF at 4807.824 340.0161 9883.484 ori: 0 0 0
2024-04-09T01:10:16Z [SpawnerBubaku] Created trigger Tisy Zone One at 1318.457 454.8217 14490.14 ori: 0 0 0
2024-04-09T01:10:16Z [SpawnerBubaku] Created trigger Tisy Zone Two at 1244.162 456.823 14518.12 ori: 0 0 0
2024-04-09T01:10:16Z [SpawnerBubaku] Created trigger Tisy Zone Three at 1208.676 457.1048 14541.18 ori: 0 0 0
2024-04-09T01:10:16Z [SpawnerBubaku] Created trigger AJ Spawn at 12829.5 8.50034 3416.28 ori: 0 0 0
2024-04-09T01:10:16Z [SpawnerBubaku] Created trigger Bear Spawn Zone One at 13015.2 5.5179 3160.35 ori: 0 0 0
2024-04-09T01:10:16Z [SpawnerBubaku] Created trigger Bear Spawn Zone Two at 13545.82 28.94513 3039.323 ori: 0 0 0
2024-04-09T05:55:51Z [SpawnerBubaku] Created trigger NWAF at 4807.824 340.0161 9883.484 ori: 0 0 0
2024-04-09T05:55:51Z [SpawnerBubaku] Created trigger Tisy Zone One at 1318.457 454.8217 14490.14 ori: 0 0 0
2024-04-09T05:55:51Z [SpawnerBubaku] Created trigger Tisy Zone Two at 1244.162 456.823 14518.12 ori: 0 0 0
2024-04-09T05:55:51Z [SpawnerBubaku] Created trigger Tisy Zone Three at 1208.676 457.1048 14541.18 ori: 0 0 0
2024-04-09T05:55:51Z [SpawnerBubaku] Created trigger AJ Spawn at 12829.5 8.50034 3416.28 ori: 0 0 0
2024-04-09T05:55:51Z [SpawnerBubaku] Created trigger Bear Spawn Zone One at 13015.2 5.5179 3160.35 ori: 0 0 0
2024-04-09T05:55:51Z [SpawnerBubaku] Created trigger Bear Spawn Zone Two at 13545.82 28.94513 3039.323 ori: 0 0 0
2024-04-09T06:10:18Z [SpawnerBubaku] Created trigger NWAF at 4807.824 340.0161 9883.484 ori: 0 0 0
2024-04-09T06:10:18Z [SpawnerBubaku] Created trigger Tisy Zone One at 1318.457 454.8217 14490.14 ori: 0 0 0
2024-04-09T06:10:18Z [SpawnerBubaku] Created trigger Tisy Zone Two at 1244.162 456.823 14518.12 ori: 0 0 0
2024-04-09T06:10:18Z [SpawnerBubaku] Created trigger Tisy Zone Three at 1208.676 457.1048 14541.18 ori: 0 0 0
2024-04-09T06:10:18Z [SpawnerBubaku] Created trigger AJ Spawn at 12829.5 8.50034 3416.28 ori: 0 0 0
2024-04-09T06:10:18Z [SpawnerBubaku] Created trigger Bear Spawn Zone One at 13015.2 5.5179 3160.35 ori: 0 0 0
2024-04-09T06:10:18Z [SpawnerBubaku] Created trigger Bear Spawn Zone Two at 13545.82 28.94513 3039.323 ori: 0 0 0
2024-04-09T06:16:09Z [SpawnerBubaku] Created trigger NWAF at 4807.824 340.0161 9883.484 ori: 0 0 0
2024-04-09T06:16:09Z [SpawnerBubaku] Created trigger Tisy Zone One at 1318.457 454.8217 14490.14 ori: 0 0 0
2024-04-09T06:16:09Z [SpawnerBubaku] Created trigger Tisy Zone Two at 1244.162 456.823 14518.12 ori: 0 0 0
2024-04-09T06:16:09Z [SpawnerBubaku] Created trigger Tisy Zone Three at 1208.676 457.1048 14541.18 ori: 0 0 0
2024-04-09T06:16:09Z [SpawnerBubaku] Created trigger AJ Spawn at 12829.5 8.50034 3416.28 ori: 0 0 0
2024-04-09T06:16:09Z [SpawnerBubaku] Created trigger Bear Spawn Zone One at 13015.2 5.5179 3160.35 ori: 0 0 0
2024-04-09T06:16:09Z [SpawnerBubaku] Created trigger Bear Spawn Zone Two at 13545.82 28.94513 3039.323 ori: 0 0 0
